<?xml version="1.0" encoding="UTF-8"?>
<!-- Generated by org.testng.reporters.JUnitReportReporter -->
<testsuite skipped="1" hostname="DESKTOP-QT2S8L5" name="com.qa.gorest.tests.CreateUser" tests="4" failures="0" timestamp="2023-10-01T08:02:45 IST" time="13.000" errors="0">
  <testcase name="createUserTestUsingExcel" time="4.953" classname="com.qa.gorest.tests.CreateUser"/>
  <testcase name="createUserTestUsingExcel" time="5.204" classname="com.qa.gorest.tests.CreateUser"/>
  <testcase name="createUserTestUsingExcel" time="2.843" classname="com.qa.gorest.tests.CreateUser"/>
  <testcase name="createUserTest" classname="com.qa.gorest.tests.CreateUser">
    <skipped/>
  </testcase> <!-- createUserTest -->
</testsuite> <!-- com.qa.gorest.tests.CreateUser -->
