<?xml version="1.0" encoding="UTF-8"?>
<!-- Generated by org.testng.reporters.JUnitReportReporter -->
<testsuite skipped="0" hostname="DESKTOP-QT2S8L5" name="com.qa.gorest.tests.GetFlightDetails" tests="1" failures="0" timestamp="2023-10-01T08:02:45 IST" time="3.156" errors="0">
  <testcase name="getFlightDetails" time="3.156" classname="com.qa.gorest.tests.GetFlightDetails"/>
</testsuite> <!-- com.qa.gorest.tests.GetFlightDetails -->
