<?xml version="1.0" encoding="UTF-8"?>
<!-- Generated by org.testng.reporters.JUnitReportReporter -->
<testsuite skipped="0" hostname="DESKTOP-QT2S8L5" name="com.qa.gorest.tests.GetCircuitDetails" tests="2" failures="0" timestamp="2023-10-01T08:02:45 IST" time="2.984" errors="0">
  <testcase name="circuitDetailsTestJsonPath" time="1.281" classname="com.qa.gorest.tests.GetCircuitDetails"/>
  <testcase name="circuitDetailsTest" time="1.703" classname="com.qa.gorest.tests.GetCircuitDetails"/>
</testsuite> <!-- com.qa.gorest.tests.GetCircuitDetails -->
